<?xml version="1.0" encoding="UTF-8"?>
<!-- Generated by org.testng.reporters.JUnitXMLReporter -->
<testsuite ignored="0" hostname="MLI-LAP-230" failures="1" tests="3" name="Firefox_Test" time="39.422" errors="0" timestamp="2022-09-17T01:35:45 IST">
  <testcase classname="com.mystore.testcases.IndexPageTest" name="verifyLog" time="3.073"/>
  <testcase classname="com.mystore.testcases.IndexPageTest" name="verifyTest" time="0.008">
    <failure type="java.lang.AssertionError" message="expected [My Store2] but found [My Store]">
      <![CDATA[java.lang.AssertionError: expected [My Store2] but found [My Store]
at com.mystore.testcases.IndexPageTest.verifyTest(IndexPageTest.java:54)
at java.base/java.util.ArrayList.forEach(ArrayList.java:1511)
at java.base/java.util.concurrent.FutureTask.run(FutureTask.java:264)
at java.base/java.util.concurrent.ThreadPoolExecutor.runWorker(ThreadPoolExecutor.java:1136)
at java.base/java.util.concurrent.ThreadPoolExecutor$Worker.run(ThreadPoolExecutor.java:635)
at java.base/java.lang.Thread.run(Thread.java:833)
... Removed 23 stack frames]]>
    </failure>
  </testcase> <!-- verifyTest -->
  <testcase classname="com.mystore.testcases.IndexPageTest" name="verifyTitle" time="0.009"/>
</testsuite> <!-- Firefox_Test -->
