<?xml version="1.0" encoding="UTF-8"?>
<!-- Generated by org.testng.reporters.JUnitXMLReporter -->
<testsuite ignored="18" hostname="MLI-LAP-230" failures="0" tests="6" name="Smoke" time="117.815" errors="0" timestamp="2022-09-16T23:45:57 IST">
  <testcase classname="com.mystore.testcases.LoginPageTest" name="loginTest" time="9.282"/>
  <testcase classname="com.mystore.testcases.IndexPageTest" name="verifyLog" time="0.139"/>
  <testcase classname="com.mystore.testcases.IndexPageTest" name="verifyTitle" time="0.021"/>
  <testcase classname="com.mystore.testcases.SearchResultPageTest" name="productAvailability" time="9.021"/>
  <testcase classname="com.mystore.testcases.HomePageTest" name="orderHistoryDetailsTest" time="15.935"/>
  <testcase classname="com.mystore.testcases.HomePageTest" name="wishListTest" time="16.023"/>
  <testcase classname="com.mystore.base.BaseClass" name="@BeforeTest loadConfig" time="0.0">
    <ignored/>
  </testcase> <!-- @BeforeTest loadConfig -->
  <testcase classname="com.mystore.base.BaseClass" name="@BeforeSuite befireSuite" time="0.0">
    <ignored/>
  </testcase> <!-- @BeforeSuite befireSuite -->
  <testcase classname="com.mystore.testcases.AddToCartPageTest" name="addTocCartTest" time="0.0">
    <ignored/>
  </testcase> <!-- addTocCartTest -->
  <testcase classname="com.mystore.base.BaseClass" name="@BeforeSuite befireSuite" time="0.0">
    <ignored/>
  </testcase> <!-- @BeforeSuite befireSuite -->
  <testcase classname="com.mystore.testcases.AccountCreationPageTest" name="verifyCreateAccountPageTest" time="0.0">
    <ignored/>
  </testcase> <!-- verifyCreateAccountPageTest -->
  <testcase classname="com.mystore.base.BaseClass" name="@BeforeSuite befireSuite" time="0.0">
    <ignored/>
  </testcase> <!-- @BeforeSuite befireSuite -->
  <testcase classname="com.mystore.testcases.OrderPageTest" name="verifyTotalPrice" time="0.0">
    <ignored/>
  </testcase> <!-- verifyTotalPrice -->
  <testcase classname="com.mystore.base.BaseClass" name="@BeforeTest loadConfig" time="0.0">
    <ignored/>
  </testcase> <!-- @BeforeTest loadConfig -->
  <testcase classname="com.mystore.base.BaseClass" name="@BeforeTest loadConfig" time="0.0">
    <ignored/>
  </testcase> <!-- @BeforeTest loadConfig -->
  <testcase classname="com.mystore.testcases.EndToEndTest" name="endToEndTest" time="0.0">
    <ignored/>
  </testcase> <!-- endToEndTest -->
  <testcase classname="com.mystore.base.BaseClass" name="@BeforeTest loadConfig" time="0.0">
    <ignored/>
  </testcase> <!-- @BeforeTest loadConfig -->
  <testcase classname="com.mystore.base.BaseClass" name="@BeforeTest loadConfig" time="0.0">
    <ignored/>
  </testcase> <!-- @BeforeTest loadConfig -->
  <testcase classname="com.mystore.base.BaseClass" name="@BeforeTest loadConfig" time="0.0">
    <ignored/>
  </testcase> <!-- @BeforeTest loadConfig -->
  <testcase classname="com.mystore.base.BaseClass" name="@BeforeSuite befireSuite" time="0.0">
    <ignored/>
  </testcase> <!-- @BeforeSuite befireSuite -->
  <testcase classname="com.mystore.base.BaseClass" name="@BeforeTest loadConfig" time="0.0">
    <ignored/>
  </testcase> <!-- @BeforeTest loadConfig -->
  <testcase classname="com.mystore.base.BaseClass" name="@BeforeSuite befireSuite" time="0.0">
    <ignored/>
  </testcase> <!-- @BeforeSuite befireSuite -->
  <testcase classname="com.mystore.base.BaseClass" name="@BeforeSuite befireSuite" time="0.0">
    <ignored/>
  </testcase> <!-- @BeforeSuite befireSuite -->
  <testcase classname="com.mystore.base.BaseClass" name="@BeforeSuite befireSuite" time="0.0">
    <ignored/>
  </testcase> <!-- @BeforeSuite befireSuite -->
</testsuite> <!-- Smoke -->
