<?xml version="1.0" encoding="UTF-8"?>
<!-- Generated by org.testng.reporters.JUnitXMLReporter -->
<testsuite ignored="14" hostname="MLI-LAP-230" failures="1" tests="10" name="Test_All" time="334.351" errors="0" timestamp="2022-09-10T16:07:26 IST">
  <testcase classname="com.mystore.testcases.LoginPageTest" name="loginTest" time="12.701"/>
  <testcase classname="com.mystore.testcases.EndToEndTest" name="endToEndTest" time="63.449"/>
  <testcase classname="com.mystore.testcases.AccountCreationPageTest" name="verifyCreateAccountPageTest" time="11.952"/>
  <testcase classname="com.mystore.testcases.IndexPageTest" name="verifyLog" time="0.11"/>
  <testcase classname="com.mystore.testcases.IndexPageTest" name="verifyTitle" time="0.019"/>
  <testcase classname="com.mystore.testcases.SearchResultPageTest" name="productAvailability" time="5.116"/>
  <testcase classname="com.mystore.testcases.HomePageTest" name="orderHistoryDetailsTest" time="18.944"/>
  <testcase classname="com.mystore.testcases.HomePageTest" name="wishListTest" time="13.647"/>
  <testcase classname="com.mystore.testcases.OrderPageTest" name="verifyTotalPrice" time="37.334">
    <failure type="java.lang.AssertionError" message="expected [84.55000000000001] but found [84.55]">
      <![CDATA[java.lang.AssertionError: expected [84.55000000000001] but found [84.55]
at com.mystore.testcases.OrderPageTest.verifyTotalPrice(OrderPageTest.java:55)
at java.base/java.util.ArrayList.forEach(ArrayList.java:1511)
... Removed 32 stack frames]]>
    </failure>
  </testcase> <!-- verifyTotalPrice -->
  <testcase classname="com.mystore.testcases.AddToCartPageTest" name="addTocCartTest" time="29.97"/>
  <testcase classname="com.mystore.base.BaseClass" name="@BeforeTest loadConfig" time="0.0">
    <ignored/>
  </testcase> <!-- @BeforeTest loadConfig -->
  <testcase classname="com.mystore.base.BaseClass" name="@BeforeTest loadConfig" time="0.0">
    <ignored/>
  </testcase> <!-- @BeforeTest loadConfig -->
  <testcase classname="com.mystore.base.BaseClass" name="@BeforeSuite befireSuite" time="0.0">
    <ignored/>
  </testcase> <!-- @BeforeSuite befireSuite -->
  <testcase classname="com.mystore.base.BaseClass" name="@BeforeSuite befireSuite" time="0.0">
    <ignored/>
  </testcase> <!-- @BeforeSuite befireSuite -->
  <testcase classname="com.mystore.base.BaseClass" name="@BeforeTest loadConfig" time="0.0">
    <ignored/>
  </testcase> <!-- @BeforeTest loadConfig -->
  <testcase classname="com.mystore.base.BaseClass" name="@BeforeTest loadConfig" time="0.0">
    <ignored/>
  </testcase> <!-- @BeforeTest loadConfig -->
  <testcase classname="com.mystore.base.BaseClass" name="@BeforeSuite befireSuite" time="0.0">
    <ignored/>
  </testcase> <!-- @BeforeSuite befireSuite -->
  <testcase classname="com.mystore.base.BaseClass" name="@BeforeSuite befireSuite" time="0.0">
    <ignored/>
  </testcase> <!-- @BeforeSuite befireSuite -->
  <testcase classname="com.mystore.base.BaseClass" name="@BeforeTest loadConfig" time="0.0">
    <ignored/>
  </testcase> <!-- @BeforeTest loadConfig -->
  <testcase classname="com.mystore.base.BaseClass" name="@BeforeSuite befireSuite" time="0.0">
    <ignored/>
  </testcase> <!-- @BeforeSuite befireSuite -->
  <testcase classname="com.mystore.base.BaseClass" name="@BeforeTest loadConfig" time="0.0">
    <ignored/>
  </testcase> <!-- @BeforeTest loadConfig -->
  <testcase classname="com.mystore.base.BaseClass" name="@BeforeSuite befireSuite" time="0.0">
    <ignored/>
  </testcase> <!-- @BeforeSuite befireSuite -->
  <testcase classname="com.mystore.base.BaseClass" name="@BeforeSuite befireSuite" time="0.0">
    <ignored/>
  </testcase> <!-- @BeforeSuite befireSuite -->
  <testcase classname="com.mystore.base.BaseClass" name="@BeforeTest loadConfig" time="0.0">
    <ignored/>
  </testcase> <!-- @BeforeTest loadConfig -->
</testsuite> <!-- Test_All -->
